0 -0.33229452757415 -0.217917849649605 0 0 0 0 0 0 0 0 0 0 0 2 0.8
0 -0.573269452358699 -0.0481927500973371 0 0 0 0 0 0 0 0 0 0 0 2 0.8
0 -0.27870897678076 -0.0473023036899484 0 0 0 0 0 0 0 0 0 0 0 2 0.8
0 -0.232012611456373 -0.197832560744343 0 0 0 0 0 0 0 0 0 0 0 2 0.8
0 -0.0558143949706347 -0.380682288472161 0 0 0 0 0 0 0 0 0 0 0 2 0.8
0 -0.343731053723292 -0.0284772372079592 0 0 0 0 0 0 0 0 0 0 0 2 0.8
0 0.0346366349848227 -0.0604823784519629 0 0 0 0 0 0 0 0 0 0 0 2 0.8
0 0.0177412099014672 0.172096364009788 0 0 0 0 0 0 0 0 0 0 0 2 0.8
0 -0.083361862938056 0.00836328878644353 0 0 0 0 0 0 0 0 0 0 0 2 0.8
0 -0.305882585120935 -0.0209087147734239 0 0 0 0 0 0 0 0 0 0 0 2 0.8
0 0.170353983293338 0.0989813907468687 0 0 0 0 0 0 0 0 0 0 0 2 0.8
0 0.055544033083307 0.287790246062309 0 0 0 0 0 0 0 0 0 0 0 2 0.8
0 0.300836412226292 -0.0913036001128723 0 0 0 0 0 0 0 0 0 0 0 2 0.8
0 -1.11296324770445 -0.439251962958004 0 0 0 0 0 0 0 0 0 0 0 2 0.8
0 0.172427628334575 -0.124669322016672 0 0 0 0 0 0 0 0 0 0 0 2 0.8
0 -0.624562899273761 0.0412384094604463 0 0 0 0 0 0 0 0 0 0 0 2 0.8
0 0.0535244675414041 -0.353726350194716 0 0 0 0 0 0 0 0 0 0 0 2 0.8
0 0.248461012750273 -0.134018688548574 0 0 0 0 0 0 0 0 0 0 0 2 0.8
0 -0.0443475898434165 -0.476341408072834 0 0 0 0 0 0 0 0 0 0 0 2 0.8
0 -0.777126665024734 -0.0924947628194506 0 0 0 0 0 0 0 0 0 0 0 2 0.8
0 0.179525630238219 -0.365458053851384 0 0 0 0 0 0 0 0 0 0 0 2 0.8
0 0.287775977393959 0.273092063275129 0 0 0 0 0 0 0 0 0 0 0 2 0.8
0 -0.277259847010841 -0.0479693223170403 0 0 0 0 0 0 0 0 0 0 0 2 0.8
0 -0.0989387957475803 0.384111588569624 0 0 0 0 0 0 0 0 0 0 0 2 0.8
0 -0.311361388134723 -0.332236486314072 0 0 0 0 0 0 0 0 0 0 0 2 0.8
0 0.0303490056232186 -0.0251420362673929 0 0 0 0 0 0 0 0 0 0 0 2 0.8
0 0.463302817261341 0.10530410848399 0 0 0 0 0 0 0 0 0 0 0 2 0.8
0 -0.160586905993453 0.0945044003238922 0 0 0 0 0 0 0 0 0 0 0 2 0.8
0 -0.0210360967814862 0.105284748589822 0 0 0 0 0 0 0 0 0 0 0 2 0.8
0 0.224289275679065 -0.0478083145972845 0 0 0 0 0 0 0 0 0 0 0 2 0.8
0 -0.104001092246942 -0.0152617100573729 0 0 0 0 0 0 0 0 0 0 0 2 0.8
0 -0.150203442300568 -0.0167252277185454 0 0 0 0 0 0 0 0 0 0 0 2 0.8
0 0.189629255533312 0.0670925735703718 0 0 0 0 0 0 0 0 0 0 0 2 0.8
0 -0.123093170422616 -0.30998193654089 0 0 0 0 0 0 0 0 0 0 0 2 0.8
0 0.394079699840017 0.337914500525839 0 0 0 0 0 0 0 0 0 0 0 2 0.8
0 0.356660288651721 -0.0689536763718977 0 0 0 0 0 0 0 0 0 0 0 2 0.8
0 0.425811343648037 0.0540469558030713 0 0 0 0 0 0 0 0 0 0 0 2 0.8
0 -0.0777427468871761 -0.36101430209239 0 0 0 0 0 0 0 0 0 0 0 2 0.8
0 -0.260006643662772 0.0218868207528955 0 0 0 0 0 0 0 0 0 0 0 2 0.8
0 0.305843491975582 -0.181876950328071 0 0 0 0 0 0 0 0 0 0 0 2 0.8
0 -0.0105728650673508 0.303019988448479 0 0 0 0 0 0 0 0 0 0 0 2 0.8
0 0.0942651898568572 0.305660274807915 0 0 0 0 0 0 0 0 0 0 0 2 0.8
0 -0.139598231470232 -0.115071913023387 0 0 0 0 0 0 0 0 0 0 0 2 0.8
0 -0.153323469289738 0.486915623365962 0 0 0 0 0 0 0 0 0 0 0 2 0.8
0 -0.15593258237655 0.281742768353226 0 0 0 0 0 0 0 0 0 0 0 2 0.8
0 -0.0749818553256184 -0.0907090552588359 0 0 0 0 0 0 0 0 0 0 0 2 0.8
0 -0.354924204581939 -0.395599646764762 0 0 0 0 0 0 0 0 0 0 0 2 0.8
0 -0.420779719113777 0.303376666922008 0 0 0 0 0 0 0 0 0 0 0 2 0.8
0 -0.292600672351331 0.127818183412883 0 0 0 0 0 0 0 0 0 0 0 2 0.8
0 0.437056132434481 -0.329872039528102 0 0 0 0 0 0 0 0 0 0 0 2 0.8
0 0.029120718032565 -0.147793087864039 0 0 0 0 0 0 0 0 0 0 0 2 0.8
0 0.287686319353331 -0.0353647969976845 0 0 0 0 0 0 0 0 0 0 0 2 0.8
0 -0.530625355752026 -0.240253433840227 0 0 0 0 0 0 0 0 0 0 0 2 0.8
0 -0.309096251457215 0.0901573765471574 0 0 0 0 0 0 0 0 0 0 0 2 0.8
0 0.13132801768658 0.0838545678429113 0 0 0 0 0 0 0 0 0 0 0 2 0.8
0 0.443247733148826 0.455720825197348 0 0 0 0 0 0 0 0 0 0 0 2 0.8
0 -0.354753072419009 -0.491790561888222 0 0 0 0 0 0 0 0 0 0 0 2 0.8
0 0.155005322452445 -0.614492861488264 0 0 0 0 0 0 0 0 0 0 0 2 0.8
0 -0.105031699152331 0.0408895198713759 0 0 0 0 0 0 0 0 0 0 0 2 0.8
0 0.214323133342069 -0.134714271259898 0 0 0 0 0 0 0 0 0 0 0 2 0.8
0 0.128733062398274 -0.498937726397221 0 0 0 0 0 0 0 0 0 0 0 2 0.8
0 -0.225891858503 -0.302214613855699 0 0 0 0 0 0 0 0 0 0 0 2 0.8
0 0.525276499578992 -0.290562503094622 0 0 0 0 0 0 0 0 0 0 0 2 0.8
0 0.23662598923787 -0.450088971897695 0 0 0 0 0 0 0 0 0 0 0 2 0.8
0 0.0285563577124934 0.00241143530128408 0 0 0 0 0 0 0 0 0 0 0 2 0.8
0 -0.0500289180997684 -0.328464827651826 0 0 0 0 0 0 0 0 0 0 0 2 0.8
0 -0.217992313401358 -0.21299004166654 0 0 0 0 0 0 0 0 0 0 0 2 0.8
0 -0.0680063925956847 0.368563127247237 0 0 0 0 0 0 0 0 0 0 0 2 0.8
0 0.0138699728390085 -0.00755916263163772 0 0 0 0 0 0 0 0 0 0 0 2 0.8
0 -0.322926234204715 -0.277509881057047 0 0 0 0 0 0 0 0 0 0 0 2 0.8
0 -0.148315814599347 -0.281647785699716 0 0 0 0 0 0 0 0 0 0 0 2 0.8
0 0.0713448378796548 0.260792839234607 0 0 0 0 0 0 0 0 0 0 0 2 0.8
0 0.458936967540259 0.313555614345964 0 0 0 0 0 0 0 0 0 0 0 2 0.8
0 0.0539093652036417 0.107668431815904 0 0 0 0 0 0 0 0 0 0 0 2 0.8
0 0.0585416716422377 -0.424276961402379 0 0 0 0 0 0 0 0 0 0 0 2 0.8
0 0.245105619824545 -0.165501615289317 0 0 0 0 0 0 0 0 0 0 0 2 0.8
0 -0.22277806423907 0.328090696329144 0 0 0 0 0 0 0 0 0 0 0 2 0.8
0 -0.249305847442901 -0.231712010343543 0 0 0 0 0 0 0 0 0 0 0 2 0.8
0 0.210847518252321 -0.233379024241585 0 0 0 0 0 0 0 0 0 0 0 2 0.8
0 0.112547098714819 -0.36320482076813 0 0 0 0 0 0 0 0 0 0 0 2 0.8
0 0.168539222075234 -0.451621367371856 0 0 0 0 0 0 0 0 0 0 0 2 0.8
0 -0.139413110716661 0.097510891137732 0 0 0 0 0 0 0 0 0 0 0 2 0.8
0 -0.0531690227608378 0.316781391203031 0 0 0 0 0 0 0 0 0 0 0 2 0.8
0 0.189928381160215 0.518996962203979 0 0 0 0 0 0 0 0 0 0 0 2 0.8
0 -0.198761941297507 -0.189070436447427 0 0 0 0 0 0 0 0 0 0 0 2 0.8
0 -0.43842478531523 0.478139272255552 0 0 0 0 0 0 0 0 0 0 0 2 0.8
0 0.620466018377013 0.146616472275697 0 0 0 0 0 0 0 0 0 0 0 2 0.8
0 -0.145968152253626 -0.0959879609610883 0 0 0 0 0 0 0 0 0 0 0 2 0.8
0 0.0625527852124513 0.203855293756236 0 0 0 0 0 0 0 0 0 0 0 2 0.8
0 -0.123564381531734 0.192904595095148 0 0 0 0 0 0 0 0 0 0 0 2 0.8
0 -0.241052336421745 0.162979712907653 0 0 0 0 0 0 0 0 0 0 0 2 0.8
0 -0.159603207898737 -0.0883167068084517 0 0 0 0 0 0 0 0 0 0 0 2 0.8
0 -0.0520395935640038 -0.194509617778865 0 0 0 0 0 0 0 0 0 0 0 2 0.8
0 0.287727092468372 -0.282962038280602 0 0 0 0 0 0 0 0 0 0 0 2 0.8
0 0.0879248621584991 0.392247485717293 0 0 0 0 0 0 0 0 0 0 0 2 0.8
0 -0.173663904204477 0.0224512929180718 0 0 0 0 0 0 0 0 0 0 0 2 0.8
0 0.370833282971056 -0.0264719084189075 0 0 0 0 0 0 0 0 0 0 0 2 0.8
0 0.274340365893485 0.111006787809582 0 0 0 0 0 0 0 0 0 0 0 2 0.8
0 0.118086836899021 0.141525032012104 0 0 0 0 0 0 0 0 0 0 0 2 0.8
0 -0.16497668353528 -0.292881011056731 0 0 0 0 0 0 0 0 0 0 0 2 0.8
0 -0.091829412406252 -0.0183870539851679 0 0 0 0 0 0 0 0 0 0 0 2 0.8
0 0.181991794761709 -0.129310761019103 0 0 0 0 0 0 0 0 0 0 0 2 0.8
0 -0.0119712409986422 -0.0170565099471771 0 0 0 0 0 0 0 0 0 0 0 2 0.8
0 0.206798539417219 0.215666925890643 0 0 0 0 0 0 0 0 0 0 0 2 0.8
0 0.315673382480792 0.346729151926113 0 0 0 0 0 0 0 0 0 0 0 2 0.8
0 0.38776189911904 0.233208934052626 0 0 0 0 0 0 0 0 0 0 0 2 0.8
0 0.146182216211946 -0.418414520351379 0 0 0 0 0 0 0 0 0 0 0 2 0.8
0 -0.135827742454163 0.298115670323019 0 0 0 0 0 0 0 0 0 0 0 2 0.8
0 0.0806505174051468 0.213281773513399 0 0 0 0 0 0 0 0 0 0 0 2 0.8
0 0.0226778171911588 -0.347789228228397 0 0 0 0 0 0 0 0 0 0 0 2 0.8
0 0.950017637722345 -0.560217640627302 0 0 0 0 0 0 0 0 0 0 0 2 0.8
0 -0.223419277379118 0.145677232838101 0 0 0 0 0 0 0 0 0 0 0 2 0.8
0 -0.0837721857986033 -0.192391700609936 0 0 0 0 0 0 0 0 0 0 0 2 0.8
0 -0.254385123684444 -0.205026381011051 0 0 0 0 0 0 0 0 0 0 0 2 0.8
0 0.344403922794022 -0.052363748039659 0 0 0 0 0 0 0 0 0 0 0 2 0.8
0 -0.403711931944006 -0.0263339717115777 0 0 0 0 0 0 0 0 0 0 0 2 0.8
0 -0.0732028146163983 -0.0395920741810767 0 0 0 0 0 0 0 0 0 0 0 2 0.8
0 -0.148225499950637 0.559771485527839 0 0 0 0 0 0 0 0 0 0 0 2 0.8
0 -0.0695160381848215 0.174011999416367 0 0 0 0 0 0 0 0 0 0 0 2 0.8
0 -0.436204524129671 -0.233314382324703 0 0 0 0 0 0 0 0 0 0 0 2 0.8
0 0.574850177002421 0.371367026643743 0 0 0 0 0 0 0 0 0 0 0 2 0.8
0 0.221702529350805 -0.00653307378733354 0 0 0 0 0 0 0 0 0 0 0 2 0.8
0 -0.0579045939393853 0.03717631377495 0 0 0 0 0 0 0 0 0 0 0 2 0.8
0 0.0457859547484875 -0.224184206012115 0 0 0 0 0 0 0 0 0 0 0 2 0.8
0 0.268624424026418 0.340458721084096 0 0 0 0 0 0 0 0 0 0 0 2 0.8
0 0.431994766889801 0.417093756141459 0 0 0 0 0 0 0 0 0 0 0 2 0.8
0 -0.0101540590615967 -0.136368905686359 0 0 0 0 0 0 0 0 0 0 0 2 0.8
0 0.147893705951237 0.0103630054231176 0 0 0 0 0 0 0 0 0 0 0 2 0.8
0 -0.18429425891843 -0.25920241300922 0 0 0 0 0 0 0 0 0 0 0 2 0.8
0 0.394802362017682 0.0685070430231344 0 0 0 0 0 0 0 0 0 0 0 2 0.8
0 0.151531126794327 0.244485325215114 0 0 0 0 0 0 0 0 0 0 0 2 0.8
0 -0.289706405851384 0.10633775651101 0 0 0 0 0 0 0 0 0 0 0 2 0.8
0 0.140856358048311 -0.133616768064835 0 0 0 0 0 0 0 0 0 0 0 2 0.8
0 -0.0294557315735712 0.143568505834207 0 0 0 0 0 0 0 0 0 0 0 2 0.8
0 -0.133680679844395 -0.153418875170624 0 0 0 0 0 0 0 0 0 0 0 2 0.8
0 0.175683888876276 0.4524182265972 0 0 0 0 0 0 0 0 0 0 0 2 0.8
0 -0.143833924157468 0.235472459042943 0 0 0 0 0 0 0 0 0 0 0 2 0.8
0 -0.323237680372592 0.12755621112284 0 0 0 0 0 0 0 0 0 0 0 2 0.8
0 -0.623273901336701 0.133104385836354 0 0 0 0 0 0 0 0 0 0 0 2 0.8
0 -0.1455273917465 0.0377579802223029 0 0 0 0 0 0 0 0 0 0 0 2 0.8
0 -0.352012962450268 -0.379518893371224 0 0 0 0 0 0 0 0 0 0 0 2 0.8
0 0.00238514722397327 0.16441361051342 0 0 0 0 0 0 0 0 0 0 0 2 0.8
0 0.142761511259004 0.164928161389612 0 0 0 0 0 0 0 0 0 0 0 2 0.8
0 -0.145360043033817 0.0187705251723608 0 0 0 0 0 0 0 0 0 0 0 2 0.8
0 0.194203522045785 -0.0333692312602989 0 0 0 0 0 0 0 0 0 0 0 2 0.8
0 0.0106099149614672 -0.0839680044709083 0 0 0 0 0 0 0 0 0 0 0 2 0.8
0 -0.0410130329422377 0.126788690444406 0 0 0 0 0 0 0 0 0 0 0 2 0.8
0 0.201378951434375 0.101394576445092 0 0 0 0 0 0 0 0 0 0 0 2 0.8
0 0.20518424687895 -0.541686297450795 0 0 0 0 0 0 0 0 0 0 0 2 0.8
0 -0.369129930986212 -0.397149892166088 0 0 0 0 0 0 0 0 0 0 0 2 0.8
0 0.207918332995716 -0.0172577736299758 0 0 0 0 0 0 0 0 0 0 0 2 0.8
0 0.225906746089633 -0.122973512049037 0 0 0 0 0 0 0 0 0 0 0 2 0.8
0 -0.120483806524608 0.0729063696083044 0 0 0 0 0 0 0 0 0 0 0 2 0.8
0 -0.315590717233975 0.268663618443743 0 0 0 0 0 0 0 0 0 0 0 2 0.8
0 -0.0105013756591211 0.624972514366909 0 0 0 0 0 0 0 0 0 0 0 2 0.8
0 0.21043840494769 0.301399929372592 0 0 0 0 0 0 0 0 0 0 0 2 0.8
0 0.292091199640743 0.384332393112304 0 0 0 0 0 0 0 0 0 0 0 2 0.8
0 0.419513336311967 -0.188043508097369 0 0 0 0 0 0 0 0 0 0 0 2 0.8
0 -0.101582169241501 -0.0628255154246869 0 0 0 0 0 0 0 0 0 0 0 2 0.8
0 -0.386571545268919 -0.52503265165772 0 0 0 0 0 0 0 0 0 0 0 2 0.8
0 -0.216101804261762 0.13125230315431 0 0 0 0 0 0 0 0 0 0 0 2 0.8
0 -0.426780351584044 -0.0189351537733365 0 0 0 0 0 0 0 0 0 0 0 2 0.8
0 0.370914050794653 0.201845886298116 0 0 0 0 0 0 0 0 0 0 0 2 0.8
0 -0.142753371050553 -0.234003012433218 0 0 0 0 0 0 0 0 0 0 0 2 0.8
0 -0.3922605817956 0.149459919967772 0 0 0 0 0 0 0 0 0 0 0 2 0.8
0 -0.296715357856015 -0.287071988818335 0 0 0 0 0 0 0 0 0 0 0 2 0.8
0 0.241038371198716 0.158612204176823 0 0 0 0 0 0 0 0 0 0 0 2 0.8
0 0.480367002322913 0.000511087169472687 0 0 0 0 0 0 0 0 0 0 0 2 0.8
0 0.158661753535523 0.206809962754026 0 0 0 0 0 0 0 0 0 0 0 2 0.8
0 0.0766687569121987 -0.053277575172865 0 0 0 0 0 0 0 0 0 0 0 2 0.8
0 -0.0771037644272603 0.610104889283233 0 0 0 0 0 0 0 0 0 0 0 2 0.8
0 -0.555464869751605 -0.491814154580192 0 0 0 0 0 0 0 0 0 0 0 2 0.8
0 -0.135469363181497 -0.250437531845279 0 0 0 0 0 0 0 0 0 0 0 2 0.8
0 0.176202769725869 -0.0447340460502252 0 0 0 0 0 0 0 0 0 0 0 2 0.8
0 -0.312487099220082 0.111020794529978 0 0 0 0 0 0 0 0 0 0 0 2 0.8
0 -0.361663701356489 -0.220554289845069 0 0 0 0 0 0 0 0 0 0 0 2 0.8
0 0.254098426822756 -0.108841597009964 0 0 0 0 0 0 0 0 0 0 0 2 0.8
0 0.334750650515314 -0.285195687730765 0 0 0 0 0 0 0 0 0 0 0 2 0.8
0 0.150562035070645 0.0922148316792864 0 0 0 0 0 0 0 0 0 0 0 2 0.8
0 -0.20253274963688 -0.303809942856962 0 0 0 0 0 0 0 0 0 0 0 2 0.8
0 0.271059613499105 -0.150084769678316 0 0 0 0 0 0 0 0 0 0 0 2 0.8
0 -0.18668352863688 0.344267355114198 0 0 0 0 0 0 0 0 0 0 0 2 0.8
0 0.0825575177110199 -0.311371927065572 0 0 0 0 0 0 0 0 0 0 0 2 0.8
0 -0.179778119074729 0.359445293769077 0 0 0 0 0 0 0 0 0 0 0 2 0.8
0 0.62391243672245 0.5573239886012 0 0 0 0 0 0 0 0 0 0 0 2 0.8
0 -0.264306573462162 -0.413827247594043 0 0 0 0 0 0 0 0 0 0 0 2 0.8
0 0.504836396979265 0.0858429210724029 0 0 0 0 0 0 0 0 0 0 0 2 0.8
0 0.352639410504473 0.524050199784233 0 0 0 0 0 0 0 0 0 0 0 2 0.8
0 -0.61250118429639 0.468367028544364 0 0 0 0 0 0 0 0 0 0 0 2 0.8
0 0.837189541837701 0.534602338816967 0 0 0 0 0 0 0 0 0 0 0 2 0.8
0 -0.320251154408694 0.130012942716325 0 0 0 0 0 0 0 0 0 0 0 2 0.8
0 -0.106939999960983 0.370318774107989 0 0 0 0 0 0 0 0 0 0 0 2 0.8
0 -0.108942837285696 -0.293660158040206 0 0 0 0 0 0 0 0 0 0 0 2 0.8
0 0.112368696799695 -0.221804405525629 0 0 0 0 0 0 0 0 0 0 0 2 0.8
0 0.186810512500147 -0.438786514198505 0 0 0 0 0 0 0 0 0 0 0 2 0.8
0 0.165586757581823 -0.0238401717838501 0 0 0 0 0 0 0 0 0 0 0 2 0.8
0 -0.185819 -0.140251 0 0 0 0 0 0 0 0 0 0 0 2 0.8
0 0.282747473474792 0.267394917234186 0 0 0 0 0 0 0 0 0 0 0 2 0.8
0 -0.698044383643827 -0.268089900034838 0 0 0 0 0 0 0 0 0 0 0 2 0.8
0 0.443017196295127 0.481964861730344 0 0 0 0 0 0 0 0 0 0 0 2 0.8
