0 0.318598042311336 0.591200926218293 0 0 0 0 0 0 0 0 0 0 0 0 0
0 0.912851278812757 0.088201241974529 0 0 0 0 0 0 0 0 0 0 0 0 0
0 0.257972844963688 0.714135354173245 0 0 0 0 0 0 0 0 0 0 0 0 0
0 0.616040416798232 0.468898010735712 0 0 0 0 0 0 0 0 0 0 0 0 0
0 0.416061467213977 0.591937690769393 0 0 0 0 0 0 0 0 0 0 0 0 0
0 0.432480791495632 0.671087253973266 0 0 0 0 0 0 0 0 0 0 0 0 0
0 0.705609935796232 0.0831491421955584 0 0 0 0 0 0 0 0 0 0 0 0 0
0 0.462582886011999 0.0511525102620777 0 0 0 0 0 0 0 0 0 0 0 0 0
0 0.0361014630038943 0.827491842963899 0 0 0 0 0 0 0 0 0 0 0 0 0
0 0.957372908114935 0.00726239343227029 0 0 0 0 0 0 0 0 0 0 0 0 0
0 0.0303125986738238 0.293653299652668 0 0 0 0 0 0 0 0 0 0 0 0 0
0 0.139248500157878 0.150931480896748 0 0 0 0 0 0 0 0 0 0 0 0 0
0 0.506262498684349 0.416166719292706 0 0 0 0 0 0 0 0 0 0 0 0 0
0 0.965372066098305 0.925060519945269 0 0 0 0 0 0 0 0 0 0 0 0 0
0 0.0809388485422587 0.823808020208399 0 0 0 0 0 0 0 0 0 0 0 0 0
0 0.956425639406378 0.00663088095989896 0 0 0 0 0 0 0 0 0 0 0 0 0
0 0.805494158509631 0.542679717924429 0 0 0 0 0 0 0 0 0 0 0 0 0
0 0.686769813703821 0.41806125670982 0 0 0 0 0 0 0 0 0 0 0 0 0
0 0.584359541100937 0.789390590464162 0 0 0 0 0 0 0 0 0 0 0 0 0
0 0.99200084201663 0.616356173034417 0 0 0 0 0 0 0 0 0 0 0 0 0
0 0.886327754973161 0.969161140932533 0 0 0 0 0 0 0 0 0 0 0 0 0
0 0.22871276707715 0.331859804231134 0 0 0 0 0 0 0 0 0 0 0 0 0
0 0.41806125670982 0.971687190822019 0 0 0 0 0 0 0 0 0 0 0 0 0
0 0.360067361330386 0.293021787180297 0 0 0 0 0 0 0 0 0 0 0 0 0
0 0.660246289864225 0.802547100305231 0 0 0 0 0 0 0 0 0 0 0 0 0
0 0.781601936638249 0.942848121250395 0 0 0 0 0 0 0 0 0 0 0 0 0
0 0.293969055888854 0.476265656246711 0 0 0 0 0 0 0 0 0 0 0 0 0
0 0.956530891485107 0.369224292179771 0 0 0 0 0 0 0 0 0 0 0 0 0
0 0.835280496789812 0.0912535522576571 0 0 0 0 0 0 0 0 0 0 0 0 0
0 0.150405220503105 0.307651826123566 0 0 0 0 0 0 0 0 0 0 0 0 0
0 0.496895063677508 0.906325649931586 0 0 0 0 0 0 0 0 0 0 0 0 0
0 0.985369961056731 0.926744553204926 0 0 0 0 0 0 0 0 0 0 0 0 0
0 0.199768445426797 0.998000210504157 0 0 0 0 0 0 0 0 0 0 0 0 0
0 0.430270497842332 0.792863909062204 0 0 0 0 0 0 0 0 0 0 0 0 0
0 0.289548468582255 0.548994842648142 0 0 0 0 0 0 0 0 0 0 0 0 0
0 0.148826439322177 0.101673508051784 0 0 0 0 0 0 0 0 0 0 0 0 0
0 0.298705399431639 0.476055152089254 0 0 0 0 0 0 0 0 0 0 0 0 0
0 0.0276812967056099 0.439111672455531 0 0 0 0 0 0 0 0 0 0 0 0 0
0 0.599515840437849 0.765603620671508 0 0 0 0 0 0 0 0 0 0 0 0 0
0 0.406273023892222 0.691506157246606 0 0 0 0 0 0 0 0 0 0 0 0 0
0 0.689190611514577 0.215451005157352 0 0 0 0 0 0 0 0 0 0 0 0 0
0 0.695295232080834 0.304389011682981 0 0 0 0 0 0 0 0 0 0 0 0 0
0 0.298494895274182 0.896116198294916 0 0 0 0 0 0 0 0 0 0 0 0 0
0 0.743184927902326 0.0141037785496264 0 0 0 0 0 0 0 0 0 0 0 0 0
0 0.646668771708241 0.0116829807388696 0 0 0 0 0 0 0 0 0 0 0 0 0
0 0.998947479212714 0.243763814335333 0 0 0 0 0 0 0 0 0 0 0 0 0
0 0.860014735291022 0.865803599621093 0 0 0 0 0 0 0 0 0 0 0 0 0
0 0.787285548889591 0.524892116619303 0 0 0 0 0 0 0 0 0 0 0 0 0
0 0.838648563309125 0.910640985159457 0 0 0 0 0 0 0 0 0 0 0 0 0
0 0.372381854541627 0.993790127355015 0 0 0 0 0 0 0 0 0 0 0 0 0
0 0.0464161667192927 0.89653720660983 0 0 0 0 0 0 0 0 0 0 0 0 0
0 0.444058520155773 0.90095779391643 0 0 0 0 0 0 0 0 0 0 0 0 0
0 1 0.985264708978002 0 0 0 0 0 0 0 0 0 0 0 0 0
0 0.741921902957583 0.900431533522787 0 0 0 0 0 0 0 0 0 0 0 0 0
0 0.82959688453847 0.726449847384486 0 0 0 0 0 0 0 0 0 0 0 0 0
0 0.300284180612567 0.0168403325965688 0 0 0 0 0 0 0 0 0 0 0 0 0
0 0.752868119145353 0.771392485001579 0 0 0 0 0 0 0 0 0 0 0 0 0
0 0.0459951584043785 0.99052731291443 0 0 0 0 0 0 0 0 0 0 0 0 0
0 0.417640248394906 0.430059993684875 0 0 0 0 0 0 0 0 0 0 0 0 0
0 0.505315229975792 0.538469634775287 0 0 0 0 0 0 0 0 0 0 0 0 0
0 0.677928639090622 0.834859488474897 0 0 0 0 0 0 0 0 0 0 0 0 0
0 0.272813388064414 0.825597305546785 0 0 0 0 0 0 0 0 0 0 0 0 0
0 0.0949373750131565 0.39764235343648 0 0 0 0 0 0 0 0 0 0 0 0 0
0 0.672771287232923 0.802336596147774 0 0 0 0 0 0 0 0 0 0 0 0 0
0 0.617303441742974 0.291969266393011 0 0 0 0 0 0 0 0 0 0 0 0 0
0 0.614566887696032 0.334806862435533 0 0 0 0 0 0 0 0 0 0 0 0 0
0 0.661088306494053 0.110619934743711 0 0 0 0 0 0 0 0 0 0 0 0 0
0 0.686769813703821 0.306704557415009 0 0 0 0 0 0 0 0 0 0 0 0 0
0 0.816229870539943 0.490264182717609 0 0 0 0 0 0 0 0 0 0 0 0 0
0 0.275760446268814 0.540469424271129 0 0 0 0 0 0 0 0 0 0 0 0 0
0 0.872855488895906 0.363856436164614 0 0 0 0 0 0 0 0 0 0 0 0 0
0 0.455425744658457 0.0417850752552363 0 0 0 0 0 0 0 0 0 0 0 0 0
0 0.249131670350489 0.667192927060309 0 0 0 0 0 0 0 0 0 0 0 0 0
0 0.842858646458268 0.181138827491843 0 0 0 0 0 0 0 0 0 0 0 0 0
0 0.415956215135249 0.644668982212399 0 0 0 0 0 0 0 0 0 0 0 0 0
0 0.489106409851595 0.810125249973687 0 0 0 0 0 0 0 0 0 0 0 0 0
0 0.51931375644669 0.649826334070098 0 0 0 0 0 0 0 0 0 0 0 0 0
0 0.312388169666351 0.843174402694453 0 0 0 0 0 0 0 0 0 0 0 0 0
0 0.114724765814125 0.973371224081676 0 0 0 0 0 0 0 0 0 0 0 0 0
0 0.153352278707504 0.596147773918535 0 0 0 0 0 0 0 0 0 0 0 0 0
0 0.21197768655931 0.996526681401958 0 0 0 0 0 0 0 0 0 0 0 0 0
0 0.559941058835912 0.174613198610673 0 0 0 0 0 0 0 0 0 0 0 0 0
0 0.880117882328176 0.268919061151458 0 0 0 0 0 0 0 0 0 0 0 0 0
0 0.544995263656457 0.0543100726239343 0 0 0 0 0 0 0 0 0 0 0 0 0
0 0.119250605199453 0.547942321860857 0 0 0 0 0 0 0 0 0 0 0 0 0
0 0.887590779917903 0.28765393116514 0 0 0 0 0 0 0 0 0 0 0 0 0
0 0.0224186927691822 0.452478686454057 0 0 0 0 0 0 0 0 0 0 0 0 0
0 0.542784970003158 0.723713293337543 0 0 0 0 0 0 0 0 0 0 0 0 0
0 0.532680770445216 0.129565308914851 0 0 0 0 0 0 0 0 0 0 0 0 0
0 0.236185664666877 0.435848858014946 0 0 0 0 0 0 0 0 0 0 0 0 0
0 0.0791495632038733 0.59720029470582 0 0 0 0 0 0 0 0 0 0 0 0 0
0 0.452057678139143 0.503841700873592 0 0 0 0 0 0 0 0 0 0 0 0 0
0 0.041153562782865 0.144511104094306 0 0 0 0 0 0 0 0 0 0 0 0 0
0 0.0445216293021787 0.725081570361015 0 0 0 0 0 0 0 0 0 0 0 0 0
0 0.830438901168298 0.466477212924955 0 0 0 0 0 0 0 0 0 0 0 0 0
0 0.96063572255552 0.870224186927692 0 0 0 0 0 0 0 0 0 0 0 0 0
0 0.0515735185769919 0.755604673192296 0 0 0 0 0 0 0 0 0 0 0 0 0
0 0.685506788759078 0.125670982001895 0 0 0 0 0 0 0 0 0 0 0 0 0
0 0.143248079149563 0.642669192716556 0 0 0 0 0 0 0 0 0 0 0 0 0
0 0.321650352594464 0.203241764024839 0 0 0 0 0 0 0 0 0 0 0 0 0
0 0.0849384275339438 0.592463951163036 0 0 0 0 0 0 0 0 0 0 0 0 0
0 0.85506788759078 0.996421429323229 0 0 0 0 0 0 0 0 0 0 0 0 0
0 0.329860014735291 0.483107041364067 0 0 0 0 0 0 0 0 0 0 0 0 0
0 0.867171876644564 0.651089359014841 0 0 0 0 0 0 0 0 0 0 0 0 0
0 0.407746552994422 0.32122934427955 0 0 0 0 0 0 0 0 0 0 0 0 0
0 0.33649089569519 0.271550363119672 0 0 0 0 0 0 0 0 0 0 0 0 0
0 0.634038522260815 0.671087253973266 0 0 0 0 0 0 0 0 0 0 0 0 0
0 0.456478265445743 0.601410377854963 0 0 0 0 0 0 0 0 0 0 0 0 0
0 0.425007893905905 0.604146931901905 0 0 0 0 0 0 0 0 0 0 0 0 0
0 0.922955478370698 0.542784970003158 0 0 0 0 0 0 0 0 0 0 0 0 0
0 0 0.999578991685086 0 0 0 0 0 0 0 0 0 0 0 0 0
0 0.520682033470161 0.56225660456794 0 0 0 0 0 0 0 0 0 0 0 0 0
0 0.406799284285865 0.773708030733607 0 0 0 0 0 0 0 0 0 0 0 0 0
0 0.553415429954742 0.544784759499 0 0 0 0 0 0 0 0 0 0 0 0 0
0 0.0228397010840964 0.975476265656247 0 0 0 0 0 0 0 0 0 0 0 0 0
0 0.601199873697505 0.764972108199137 0 0 0 0 0 0 0 0 0 0 0 0 0
0 0.97526576149879 0.713924850015788 0 0 0 0 0 0 0 0 0 0 0 0 0
0 0.510998842227134 0.011577728660141 0 0 0 0 0 0 0 0 0 0 0 0 0
0 0.896747710767288 0.439111672455531 0 0 0 0 0 0 0 0 0 0 0 0 0
0 0.802862856541417 0.808335964635302 0 0 0 0 0 0 0 0 0 0 0 0 0
0 0.0678875907799179 0.254078518050732 0 0 0 0 0 0 0 0 0 0 0 0 0
0 0.408378065466793 0.110093674350068 0 0 0 0 0 0 0 0 0 0 0 0 0
0 0.823492263972213 0.0250499947373961 0 0 0 0 0 0 0 0 0 0 0 0 0
0 0.597726555099463 0.388064414272182 0 0 0 0 0 0 0 0 0 0 0 0 0
0 0.222818650668351 0.345542574465846 0 0 0 0 0 0 0 0 0 0 0 0 0
0 0.26218292811283 0.359120092621829 0 0 0 0 0 0 0 0 0 0 0 0 0
0 0.894642669192717 0.21997684454268 0 0 0 0 0 0 0 0 0 0 0 0 0
0 0.462688138090727 0.442900747289759 0 0 0 0 0 0 0 0 0 0 0 0 0
0 0.22650247342385 0.967687611830334 0 0 0 0 0 0 0 0 0 0 0 0 0
0 0.320071571413535 0.708872750236817 0 0 0 0 0 0 0 0 0 0 0 0 0
0 0.505209977897063 0.737711819808441 0 0 0 0 0 0 0 0 0 0 0 0 0
0 0.61540890432586 0.824123776444585 0 0 0 0 0 0 0 0 0 0 0 0 0
0 0.862961793495422 0.338280181033575 0 0 0 0 0 0 0 0 0 0 0 0 0
0 0.114724765814125 0.0147352910219977 0 0 0 0 0 0 0 0 0 0 0 0 0
0 0.42753394379539 0.489843174402694 0 0 0 0 0 0 0 0 0 0 0 0 0
0 0.644774234291127 0.25271024102726 0 0 0 0 0 0 0 0 0 0 0 0 0
0 0.741395642563941 0.466371960846227 0 0 0 0 0 0 0 0 0 0 0 0 0
0 0.546889801073571 0.0714661614566888 0 0 0 0 0 0 0 0 0 0 0 0 0
0 0.900536785601516 0.921797705504684 0 0 0 0 0 0 0 0 0 0 0 0 0
0 0.0438901168298074 0.721397747605515 0 0 0 0 0 0 0 0 0 0 0 0 0
0 0.594779496895064 0.96652983896432 0 0 0 0 0 0 0 0 0 0 0 0 0
0 0.649931586148826 0.929060098936954 0 0 0 0 0 0 0 0 0 0 0 0 0
0 0.502894432165035 0.541942953373329 0 0 0 0 0 0 0 0 0 0 0 0 0
0 0.588043363856436 0.19734764761604 0 0 0 0 0 0 0 0 0 0 0 0 0
0 0.980633617513946 0.940532575518366 0 0 0 0 0 0 0 0 0 0 0 0 0
0 0.76549836859278 0.495000526260394 0 0 0 0 0 0 0 0 0 0 0 0 0
0 0.238080202083991 0.15145774129039 0 0 0 0 0 0 0 0 0 0 0 0 0
0 0.569308493842753 0.61256709820019 0 0 0 0 0 0 0 0 0 0 0 0 0
0 0.595305757288706 0.793600673613304 0 0 0 0 0 0 0 0 0 0 0 0 0
0 0.841700873592253 0.574360593621724 0 0 0 0 0 0 0 0 0 0 0 0 0
0 0.0262077676034102 0.355857278181244 0 0 0 0 0 0 0 0 0 0 0 0 0
0 0.383959583201768 0.0663088095989896 0 0 0 0 0 0 0 0 0 0 0 0 0
0 0.447110830438901 0.518050731501947 0 0 0 0 0 0 0 0 0 0 0 0 0
0 0.907799179033786 0.22944953162825 0 0 0 0 0 0 0 0 0 0 0 0 0
0 0.783812230291548 0.0186296179349542 0 0 0 0 0 0 0 0 0 0 0 0 0
0 0.611198821176718 0.0878854857383433 0 0 0 0 0 0 0 0 0 0 0 0 0
0 0.711504052205031 0.349015893063888 0 0 0 0 0 0 0 0 0 0 0 0 0
0 0.250710451531418 0.257867592884959 0 0 0 0 0 0 0 0 0 0 0 0 0
0 0.559414798442269 0.201241974528997 0 0 0 0 0 0 0 0 0 0 0 0 0
0 0.794442690243132 0.995684664772129 0 0 0 0 0 0 0 0 0 0 0 0 0
0 0.51057783391222 0.97010840964109 0 0 0 0 0 0 0 0 0 0 0 0 0
0 0.655615198400168 0.97884433217556 0 0 0 0 0 0 0 0 0 0 0 0 0
0 0.508999052731291 0.516998210714662 0 0 0 0 0 0 0 0 0 0 0 0 0
0 0.459214819492685 0.775392063993264 0 0 0 0 0 0 0 0 0 0 0 0 0
0 0.885696242500789 0.214293232291338 0 0 0 0 0 0 0 0 0 0 0 0 0
0 0.676560362067151 0.875697295021577 0 0 0 0 0 0 0 0 0 0 0 0 0
0 0.732449215872014 0.861277760235765 0 0 0 0 0 0 0 0 0 0 0 0 0
0 0.0513630144195348 0.0519945268919061 0 0 0 0 0 0 0 0 0 0 0 0 0
0 0.691400905167877 0.97084517419219 0 0 0 0 0 0 0 0 0 0 0 0 0
0 0.633933270182086 0.414587938111778 0 0 0 0 0 0 0 0 0 0 0 0 0
0 0.222081886117251 0.167561309335859 0 0 0 0 0 0 0 0 0 0 0 0 0
0 0.865382591306178 0.987264498473845 0 0 0 0 0 0 0 0 0 0 0 0 0
0 0.916429849489527 0.934638459109567 0 0 0 0 0 0 0 0 0 0 0 0 0
0 0.538890643090201 0.09977897063467 0 0 0 0 0 0 0 0 0 0 0 0 0
0 0.971266182507105 0.754236396168824 0 0 0 0 0 0 0 0 0 0 0 0 0
0 0.752868119145353 0.231344069045364 0 0 0 0 0 0 0 0 0 0 0 0 0
0 0.557836017261341 0.88274918429639 0 0 0 0 0 0 0 0 0 0 0 0 0
0 0.32922850226292 0.581833491211451 0 0 0 0 0 0 0 0 0 0 0 0 0
0 0.539627407641301 0.0655720450478897 0 0 0 0 0 0 0 0 0 0 0 0 0
0 0.646984527944427 0.947373960635723 0 0 0 0 0 0 0 0 0 0 0 0 0
0 0.0331544047994948 0.6350910430481 0 0 0 0 0 0 0 0 0 0 0 0 0
0 0.106094095358383 0.716977160298916 0 0 0 0 0 0 0 0 0 0 0 0 0
0 0.247973897484475 0.232922850226292 0 0 0 0 0 0 0 0 0 0 0 0 0
0 0.747710767287654 0.240185243658562 0 0 0 0 0 0 0 0 0 0 0 0 0
0 0.0910430481002 0.0235764656351963 0 0 0 0 0 0 0 0 0 0 0 0 0
0 0.197979160088412 0.676034101673508 0 0 0 0 0 0 0 0 0 0 0 0 0
0 0.151141985054205 0.405115251026208 0 0 0 0 0 0 0 0 0 0 0 0 0
0 0.274286917166614 0.0876749815808862 0 0 0 0 0 0 0 0 0 0 0 0 0
0 0.987159246395116 0.186085675192085 0 0 0 0 0 0 0 0 0 0 0 0 0
0 0.00189453741711399 0.0605199452689191 0 0 0 0 0 0 0 0 0 0 0 0 0
0 0.56299336911904 0.409535838332807 0 0 0 0 0 0 0 0 0 0 0 0 0
0 0.0843069150615725 0.293969055888854 0 0 0 0 0 0 0 0 0 0 0 0 0
0 0.732975476265656 0.391327228712767 0 0 0 0 0 0 0 0 0 0 0 0 0
0 0.000105252078728555 0.355541521945058 0 0 0 0 0 0 0 0 0 0 0 0 0
0 0.465950952531312 0.700978844332176 0 0 0 0 0 0 0 0 0 0 0 0 0
0 0.737606567729713 0.741185138406483 0 0 0 0 0 0 0 0 0 0 0 0 0
0 1 0 0 0 0 0 0 0 0 0 0 0 0 0 0
0 0.405115251026208 0.09977897063467 0 0 0 0 0 0 0 0 0 0 0 0 0
0 0.98473844858436 0.744132196610883 0 0 0 0 0 0 0 0 0 0 0 0 0
0 0.205136301441953 0.104515314177455 0 0 0 0 0 0 0 0 0 0 0 0 0
